app/build/intermediates/manifest_merge_blame_file/debug/manifest-merger-blame-debug-report.txt
1<?xml version="1.0" encoding="utf-8"?>
2<manifest xmlns:android="http://schemas.android.com/apk/res/android"
3    package="com.example.diario5"
4    android:versionCode="1"
5    android:versionName="1.0" >
6
7    <uses-sdk
8        android:minSdkVersion="22"
8-->src\main\AndroidManifest.xml
9        android:targetSdkVersion="29" />
9-->src\main\AndroidManifest.xml
10
11    <application
11-->src\main\AndroidManifest.xml:5:5-33:19
12        android:allowBackup="true"
12-->src\main\AndroidManifest.xml:6:9-35
13        android:appComponentFactory="androidx.core.app.CoreComponentFactory"
13-->[androidx.core:core:1.1.0] AndroidManifest.xml:24:18-86
14        android:debuggable="true"
15        android:icon="@mipmap/ic_launcher"
15-->src\main\AndroidManifest.xml:7:9-43
16        android:label="@string/app_name"
16-->src\main\AndroidManifest.xml:8:9-41
17        android:roundIcon="@mipmap/ic_launcher_round"
17-->src\main\AndroidManifest.xml:9:9-54
18        android:supportsRtl="true"
18-->src\main\AndroidManifest.xml:10:9-35
19        android:testOnly="true"
20        android:theme="@style/AppTheme" >
20-->src\main\AndroidManifest.xml:11:9-40
21        <activity android:name="com.example.diario5.lezioni.giorni.Sabato" />
21-->src\main\AndroidManifest.xml:12:9-68
21-->src\main\AndroidManifest.xml:12:19-56
22        <activity android:name="com.example.diario5.lezioni.giorni.Venerdi" />
22-->src\main\AndroidManifest.xml:13:9-60
22-->src\main\AndroidManifest.xml:13:19-57
23        <activity android:name="com.example.diario5.lezioni.giorni.Giovedi" />
23-->src\main\AndroidManifest.xml:14:9-60
23-->src\main\AndroidManifest.xml:14:19-57
24        <activity android:name="com.example.diario5.lezioni.giorni.Mercoledi" />
24-->src\main\AndroidManifest.xml:15:9-62
24-->src\main\AndroidManifest.xml:15:19-59
25        <activity android:name="com.example.diario5.lezioni.giorni.Martedi" />
25-->src\main\AndroidManifest.xml:16:9-60
25-->src\main\AndroidManifest.xml:16:19-57
26        <activity android:name="com.example.diario5.lezioni.giorni.Lunedi" />
26-->src\main\AndroidManifest.xml:17:9-59
26-->src\main\AndroidManifest.xml:17:19-56
27        <activity android:name="com.example.diario5.lezioni.Lezioni" />
27-->src\main\AndroidManifest.xml:18:9-53
27-->src\main\AndroidManifest.xml:18:19-50
28        <activity android:name="com.example.diario5.impostazioni" />
28-->src\main\AndroidManifest.xml:19:9-50
28-->src\main\AndroidManifest.xml:19:19-47
29        <activity android:name="com.example.diario5.spash.SplashActivity" >
29-->src\main\AndroidManifest.xml:20:9-26:20
29-->src\main\AndroidManifest.xml:20:19-55
30            <intent-filter>
30-->src\main\AndroidManifest.xml:21:13-25:29
31                <action android:name="android.intent.action.MAIN" />
31-->src\main\AndroidManifest.xml:22:17-69
31-->src\main\AndroidManifest.xml:22:25-66
32
33                <category android:name="android.intent.category.LAUNCHER" />
33-->src\main\AndroidManifest.xml:24:17-77
33-->src\main\AndroidManifest.xml:24:27-74
34            </intent-filter>
35        </activity>
36        <activity
36-->src\main\AndroidManifest.xml:27:9-30:48
37            android:name="com.example.diario5.appunti.Appunti"
37-->src\main\AndroidManifest.xml:28:13-44
38            android:label="Appunti"
38-->src\main\AndroidManifest.xml:29:13-36
39            android:theme="@style/AppTheme2" />
39-->src\main\AndroidManifest.xml:30:13-45
40        <activity android:name="com.example.diario5.appunti.AddNoteActivity" />
40-->src\main\AndroidManifest.xml:31:9-61
40-->src\main\AndroidManifest.xml:31:19-58
41        <activity android:name="com.example.diario5.MainActivity" />
41-->src\main\AndroidManifest.xml:32:9-50
41-->src\main\AndroidManifest.xml:32:19-47
42    </application>
43
44</manifest>